<?xml version="1.0" encoding="UTF-8"?>
<coverage generated="1682284149552" clover="3.2.0">
  <project timestamp="1682284149552" name="All files">
    <metrics statements="98" coveredstatements="95" conditionals="51" coveredconditionals="45" methods="24" coveredmethods="24" elements="173" coveredelements="164" complexity="0" loc="98" ncloc="98" packages="2" files="8" classes="8"/>
    <package name="src">
      <metrics statements="36" coveredstatements="35" conditionals="23" coveredconditionals="21" methods="9" coveredmethods="9"/>
      <file name="generateDifference.js" path="/home/theowner/frontend-project-46/src/generateDifference.js">
        <metrics statements="5" coveredstatements="5" conditionals="1" coveredconditionals="1" methods="1" coveredmethods="1"/>
        <line num="5" count="1" type="cond" truecount="1" falsecount="0"/>
        <line num="6" count="8" type="stmt"/>
        <line num="7" count="8" type="stmt"/>
        <line num="8" count="8" type="stmt"/>
        <line num="9" count="8" type="stmt"/>
      </file>
      <file name="makeDiff.js" path="/home/theowner/frontend-project-46/src/makeDiff.js">
        <metrics statements="16" coveredstatements="15" conditionals="18" coveredconditionals="17" methods="3" coveredmethods="3"/>
        <line num="3" count="1" type="stmt"/>
        <line num="4" count="8" type="stmt"/>
        <line num="5" count="40" type="stmt"/>
        <line num="7" count="40" type="stmt"/>
        <line num="8" count="144" type="cond" truecount="4" falsecount="0"/>
        <line num="9" count="88" type="cond" truecount="4" falsecount="0"/>
        <line num="10" count="32" type="stmt"/>
        <line num="12" count="56" type="cond" truecount="2" falsecount="0"/>
        <line num="13" count="24" type="stmt"/>
        <line num="15" count="32" type="stmt"/>
        <line num="19" count="56" type="cond" truecount="4" falsecount="0"/>
        <line num="20" count="16" type="stmt"/>
        <line num="22" count="40" type="cond" truecount="3" falsecount="1"/>
        <line num="23" count="40" type="stmt"/>
        <line num="25" count="0" type="stmt"/>
        <line num="28" count="8" type="stmt"/>
      </file>
      <file name="methods.js" path="/home/theowner/frontend-project-46/src/methods.js">
        <metrics statements="4" coveredstatements="4" conditionals="0" coveredconditionals="0" methods="4" coveredmethods="4"/>
        <line num="1" count="138" type="stmt"/>
        <line num="2" count="86" type="stmt"/>
        <line num="3" count="102" type="stmt"/>
        <line num="4" count="46" type="stmt"/>
      </file>
      <file name="parsers.js" path="/home/theowner/frontend-project-46/src/parsers.js">
        <metrics statements="11" coveredstatements="11" conditionals="4" coveredconditionals="3" methods="1" coveredmethods="1"/>
        <line num="5" count="1" type="stmt"/>
        <line num="6" count="17" type="stmt"/>
        <line num="7" count="17" type="stmt"/>
        <line num="9" count="17" type="cond" truecount="3" falsecount="1"/>
        <line num="11" count="8" type="stmt"/>
        <line num="12" count="8" type="stmt"/>
        <line num="14" count="4" type="stmt"/>
        <line num="15" count="4" type="stmt"/>
        <line num="17" count="5" type="stmt"/>
        <line num="18" count="5" type="stmt"/>
        <line num="23" count="17" type="stmt"/>
      </file>
    </package>
    <package name="src.formaters">
      <metrics statements="62" coveredstatements="60" conditionals="28" coveredconditionals="24" methods="15" coveredmethods="15"/>
      <file name="index.js" path="/home/theowner/frontend-project-46/src/formaters/index.js">
        <metrics statements="2" coveredstatements="2" conditionals="0" coveredconditionals="0" methods="1" coveredmethods="1"/>
        <line num="5" count="1" type="stmt"/>
        <line num="11" count="8" type="stmt"/>
      </file>
      <file name="json.js" path="/home/theowner/frontend-project-46/src/formaters/json.js">
        <metrics statements="1" coveredstatements="1" conditionals="0" coveredconditionals="0" methods="1" coveredmethods="1"/>
        <line num="1" count="2" type="stmt"/>
      </file>
      <file name="plain.js" path="/home/theowner/frontend-project-46/src/formaters/plain.js">
        <metrics statements="23" coveredstatements="22" conditionals="11" coveredconditionals="9" methods="6" coveredmethods="6"/>
        <line num="6" count="1" type="cond" truecount="1" falsecount="0"/>
        <line num="7" count="36" type="stmt"/>
        <line num="8" count="10" type="stmt"/>
        <line num="10" count="1" type="stmt"/>
        <line num="11" count="26" type="stmt"/>
        <line num="12" count="26" type="cond" truecount="2" falsecount="0"/>
        <line num="13" count="6" type="stmt"/>
        <line num="14" count="20" type="cond" truecount="2" falsecount="0"/>
        <line num="15" count="14" type="stmt"/>
        <line num="17" count="26" type="stmt"/>
        <line num="19" count="1" type="cond" truecount="0" falsecount="1"/>
        <line num="20" count="30" type="stmt"/>
        <line num="21" count="30" type="stmt"/>
        <line num="22" count="30" type="stmt"/>
        <line num="23" count="30" type="stmt"/>
        <line num="24" count="30" type="stmt"/>
        <line num="26" count="30" type="cond" truecount="4" falsecount="1"/>
        <line num="28" count="8" type="stmt"/>
        <line num="30" count="10" type="stmt"/>
        <line num="32" count="4" type="stmt"/>
        <line num="35" count="8" type="stmt"/>
        <line num="38" count="0" type="stmt"/>
        <line num="42" count="2" type="stmt"/>
      </file>
      <file name="stylish.js" path="/home/theowner/frontend-project-46/src/formaters/stylish.js">
        <metrics statements="36" coveredstatements="35" conditionals="17" coveredconditionals="15" methods="7" coveredmethods="7"/>
        <line num="6" count="1" type="stmt"/>
        <line num="7" count="72" type="stmt"/>
        <line num="8" count="20" type="stmt"/>
        <line num="9" count="20" type="stmt"/>
        <line num="10" count="20" type="stmt"/>
        <line num="12" count="1" type="stmt"/>
        <line num="13" count="108" type="cond" truecount="2" falsecount="0"/>
        <line num="14" count="80" type="stmt"/>
        <line num="16" count="28" type="stmt"/>
        <line num="18" count="36" type="stmt"/>
        <line num="19" count="28" type="stmt"/>
        <line num="25" count="1" type="stmt"/>
        <line num="26" count="180" type="cond" truecount="4" falsecount="0"/>
        <line num="27" count="108" type="stmt"/>
        <line num="29" count="72" type="stmt"/>
        <line num="30" count="72" type="stmt"/>
        <line num="32" count="72" type="cond" truecount="2" falsecount="0"/>
        <line num="33" count="16" type="stmt"/>
        <line num="34" count="16" type="stmt"/>
        <line num="36" count="56" type="cond" truecount="2" falsecount="0"/>
        <line num="37" count="12" type="stmt"/>
        <line num="38" count="12" type="stmt"/>
        <line num="40" count="44" type="cond" truecount="2" falsecount="0"/>
        <line num="41" count="16" type="stmt"/>
        <line num="42" count="16" type="stmt"/>
        <line num="43" count="16" type="stmt"/>
        <line num="44" count="16" type="stmt"/>
        <line num="45" count="28" type="cond" truecount="2" falsecount="0"/>
        <line num="46" count="20" type="stmt"/>
        <line num="47" count="20" type="stmt"/>
        <line num="48" count="8" type="cond" truecount="1" falsecount="1"/>
        <line num="49" count="8" type="stmt"/>
        <line num="50" count="8" type="stmt"/>
        <line num="52" count="0" type="stmt"/>
        <line num="54" count="172" type="cond" truecount="0" falsecount="1"/>
        <line num="56" count="4" type="stmt"/>
      </file>
    </package>
  </project>
</coverage>
