<?xml version="1.0" encoding="UTF-8"?>
<coverage generated="1682275472064" clover="3.2.0">
  <project timestamp="1682275472064" name="All files">
    <metrics statements="100" coveredstatements="97" conditionals="50" coveredconditionals="44" methods="23" coveredmethods="23" elements="173" coveredelements="164" complexity="0" loc="100" ncloc="100" packages="2" files="7" classes="7"/>
    <package name="src">
      <metrics statements="34" coveredstatements="33" conditionals="22" coveredconditionals="20" methods="9" coveredmethods="9"/>
      <file name="generateDifference.js" path="/home/theowner/frontend-project-46/src/generateDifference.js">
        <metrics statements="5" coveredstatements="5" conditionals="1" coveredconditionals="1" methods="1" coveredmethods="1"/>
        <line num="5" count="1" type="cond" truecount="1" falsecount="0"/>
        <line num="6" count="2" type="stmt"/>
        <line num="7" count="2" type="stmt"/>
        <line num="8" count="2" type="stmt"/>
        <line num="9" count="2" type="stmt"/>
      </file>
      <file name="makeDiff.js" path="/home/theowner/frontend-project-46/src/makeDiff.js">
        <metrics statements="16" coveredstatements="15" conditionals="18" coveredconditionals="17" methods="3" coveredmethods="3"/>
        <line num="3" count="1" type="stmt"/>
        <line num="4" count="2" type="stmt"/>
        <line num="5" count="10" type="stmt"/>
        <line num="7" count="10" type="stmt"/>
        <line num="8" count="36" type="cond" truecount="4" falsecount="0"/>
        <line num="9" count="22" type="cond" truecount="4" falsecount="0"/>
        <line num="10" count="8" type="stmt"/>
        <line num="12" count="14" type="cond" truecount="2" falsecount="0"/>
        <line num="13" count="6" type="stmt"/>
        <line num="15" count="8" type="stmt"/>
        <line num="19" count="14" type="cond" truecount="4" falsecount="0"/>
        <line num="20" count="4" type="stmt"/>
        <line num="22" count="10" type="cond" truecount="3" falsecount="1"/>
        <line num="23" count="10" type="stmt"/>
        <line num="25" count="0" type="stmt"/>
        <line num="28" count="2" type="stmt"/>
      </file>
      <file name="methods.js" path="/home/theowner/frontend-project-46/src/methods.js">
        <metrics statements="4" coveredstatements="4" conditionals="0" coveredconditionals="0" methods="4" coveredmethods="4"/>
        <line num="1" count="51" type="stmt"/>
        <line num="2" count="29" type="stmt"/>
        <line num="3" count="33" type="stmt"/>
        <line num="4" count="19" type="stmt"/>
      </file>
      <file name="parsers.js" path="/home/theowner/frontend-project-46/src/parsers.js">
        <metrics statements="9" coveredstatements="9" conditionals="3" coveredconditionals="2" methods="1" coveredmethods="1"/>
        <line num="5" count="1" type="stmt"/>
        <line num="6" count="5" type="stmt"/>
        <line num="7" count="5" type="stmt"/>
        <line num="9" count="5" type="cond" truecount="2" falsecount="1"/>
        <line num="11" count="1" type="stmt"/>
        <line num="12" count="1" type="stmt"/>
        <line num="17" count="4" type="stmt"/>
        <line num="18" count="4" type="stmt"/>
        <line num="23" count="5" type="stmt"/>
      </file>
    </package>
    <package name="src.formaters">
      <metrics statements="66" coveredstatements="64" conditionals="28" coveredconditionals="24" methods="14" coveredmethods="14"/>
      <file name="index.js" path="/home/theowner/frontend-project-46/src/formaters/index.js">
        <metrics statements="2" coveredstatements="2" conditionals="0" coveredconditionals="0" methods="1" coveredmethods="1"/>
        <line num="4" count="1" type="stmt"/>
        <line num="9" count="2" type="stmt"/>
      </file>
      <file name="plain.js" path="/home/theowner/frontend-project-46/src/formaters/plain.js">
        <metrics statements="28" coveredstatements="27" conditionals="11" coveredconditionals="9" methods="6" coveredmethods="6"/>
        <line num="6" count="1" type="cond" truecount="1" falsecount="0"/>
        <line num="7" count="18" type="stmt"/>
        <line num="8" count="5" type="stmt"/>
        <line num="10" count="1" type="stmt"/>
        <line num="11" count="13" type="stmt"/>
        <line num="12" count="13" type="cond" truecount="2" falsecount="0"/>
        <line num="13" count="3" type="stmt"/>
        <line num="14" count="10" type="cond" truecount="2" falsecount="0"/>
        <line num="15" count="7" type="stmt"/>
        <line num="17" count="13" type="stmt"/>
        <line num="19" count="1" type="cond" truecount="0" falsecount="1"/>
        <line num="20" count="15" type="stmt"/>
        <line num="21" count="15" type="stmt"/>
        <line num="22" count="15" type="stmt"/>
        <line num="23" count="15" type="stmt"/>
        <line num="24" count="15" type="stmt"/>
        <line num="26" count="15" type="cond" truecount="4" falsecount="1"/>
        <line num="28" count="4" type="stmt"/>
        <line num="29" count="4" type="stmt"/>
        <line num="31" count="5" type="stmt"/>
        <line num="32" count="5" type="stmt"/>
        <line num="34" count="2" type="stmt"/>
        <line num="35" count="2" type="stmt"/>
        <line num="37" count="4" type="stmt"/>
        <line num="38" count="4" type="stmt"/>
        <line num="40" count="0" type="stmt"/>
        <line num="42" count="15" type="stmt"/>
        <line num="44" count="1" type="stmt"/>
      </file>
      <file name="stylish.js" path="/home/theowner/frontend-project-46/src/formaters/stylish.js">
        <metrics statements="36" coveredstatements="35" conditionals="17" coveredconditionals="15" methods="7" coveredmethods="7"/>
        <line num="6" count="1" type="stmt"/>
        <line num="7" count="18" type="stmt"/>
        <line num="8" count="5" type="stmt"/>
        <line num="9" count="5" type="stmt"/>
        <line num="10" count="5" type="stmt"/>
        <line num="12" count="1" type="stmt"/>
        <line num="13" count="27" type="cond" truecount="2" falsecount="0"/>
        <line num="14" count="20" type="stmt"/>
        <line num="16" count="7" type="stmt"/>
        <line num="18" count="9" type="stmt"/>
        <line num="19" count="7" type="stmt"/>
        <line num="25" count="1" type="stmt"/>
        <line num="26" count="45" type="cond" truecount="4" falsecount="0"/>
        <line num="27" count="27" type="stmt"/>
        <line num="29" count="18" type="stmt"/>
        <line num="30" count="18" type="stmt"/>
        <line num="32" count="18" type="cond" truecount="2" falsecount="0"/>
        <line num="33" count="4" type="stmt"/>
        <line num="34" count="4" type="stmt"/>
        <line num="36" count="14" type="cond" truecount="2" falsecount="0"/>
        <line num="37" count="3" type="stmt"/>
        <line num="38" count="3" type="stmt"/>
        <line num="40" count="11" type="cond" truecount="2" falsecount="0"/>
        <line num="41" count="4" type="stmt"/>
        <line num="42" count="4" type="stmt"/>
        <line num="43" count="4" type="stmt"/>
        <line num="44" count="4" type="stmt"/>
        <line num="45" count="7" type="cond" truecount="2" falsecount="0"/>
        <line num="46" count="5" type="stmt"/>
        <line num="47" count="5" type="stmt"/>
        <line num="48" count="2" type="cond" truecount="1" falsecount="1"/>
        <line num="49" count="2" type="stmt"/>
        <line num="50" count="2" type="stmt"/>
        <line num="52" count="0" type="stmt"/>
        <line num="54" count="43" type="cond" truecount="0" falsecount="1"/>
        <line num="56" count="1" type="stmt"/>
      </file>
    </package>
  </project>
</coverage>
