{"/home/theowner/frontend-project-46/src/makeFlatDiff.js": {"path":"/home/theowner/frontend-project-46/src/makeFlatDiff.js","statementMap":{"0":{"start":{"line":3,"column":17},"end":{"line":25,"column":1}},"1":{"start":{"line":4,"column":20},"end":{"line":4,"column":42}},"2":{"start":{"line":5,"column":20},"end":{"line":5,"column":42}},"3":{"start":{"line":6,"column":21},"end":{"line":6,"column":71}},"4":{"start":{"line":8,"column":22},"end":{"line":21,"column":4}},"5":{"start":{"line":9,"column":4},"end":{"line":11,"column":5}},"6":{"start":{"line":10,"column":6},"end":{"line":10,"column":45}},"7":{"start":{"line":11,"column":6},"end":{"line":13,"column":5}},"8":{"start":{"line":12,"column":6},"end":{"line":12,"column":45}},"9":{"start":{"line":13,"column":6},"end":{"line":19,"column":5}},"10":{"start":{"line":14,"column":6},"end":{"line":18,"column":7}},"11":{"start":{"line":15,"column":22},"end":{"line":15,"column":53}},"12":{"start":{"line":16,"column":23},"end":{"line":16,"column":54}},"13":{"start":{"line":17,"column":8},"end":{"line":17,"column":42}},"14":{"start":{"line":20,"column":4},"end":{"line":20,"column":43}},"15":{"start":{"line":22,"column":2},"end":{"line":22,"column":27}},"16":{"start":{"line":23,"column":2},"end":{"line":23,"column":24}},"17":{"start":{"line":24,"column":2},"end":{"line":24,"column":32}}},"fnMap":{"0":{"name":"(anonymous_0)","decl":{"start":{"line":3,"column":17},"end":{"line":3,"column":18}},"loc":{"start":{"line":3,"column":47},"end":{"line":25,"column":1}},"line":3},"1":{"name":"(anonymous_1)","decl":{"start":{"line":8,"column":37},"end":{"line":8,"column":38}},"loc":{"start":{"line":8,"column":46},"end":{"line":21,"column":3}},"line":8}},"branchMap":{"0":{"loc":{"start":{"line":9,"column":4},"end":{"line":11,"column":5}},"type":"if","locations":[{"start":{"line":9,"column":4},"end":{"line":11,"column":5}},{"start":{},"end":{}}],"line":9},"1":{"loc":{"start":{"line":9,"column":8},"end":{"line":9,"column":71}},"type":"binary-expr","locations":[{"start":{"line":9,"column":8},"end":{"line":9,"column":37}},{"start":{"line":9,"column":41},"end":{"line":9,"column":71}}],"line":9},"2":{"loc":{"start":{"line":11,"column":6},"end":{"line":13,"column":5}},"type":"if","locations":[{"start":{"line":11,"column":6},"end":{"line":13,"column":5}},{"start":{},"end":{}}],"line":11},"3":{"loc":{"start":{"line":11,"column":10},"end":{"line":11,"column":73}},"type":"binary-expr","locations":[{"start":{"line":11,"column":10},"end":{"line":11,"column":40}},{"start":{"line":11,"column":44},"end":{"line":11,"column":73}}],"line":11},"4":{"loc":{"start":{"line":13,"column":6},"end":{"line":19,"column":5}},"type":"if","locations":[{"start":{"line":13,"column":6},"end":{"line":19,"column":5}},{"start":{},"end":{}}],"line":13},"5":{"loc":{"start":{"line":13,"column":10},"end":{"line":13,"column":72}},"type":"binary-expr","locations":[{"start":{"line":13,"column":10},"end":{"line":13,"column":39}},{"start":{"line":13,"column":43},"end":{"line":13,"column":72}}],"line":13},"6":{"loc":{"start":{"line":14,"column":6},"end":{"line":18,"column":7}},"type":"if","locations":[{"start":{"line":14,"column":6},"end":{"line":18,"column":7}},{"start":{},"end":{}}],"line":14}},"s":{"0":1,"1":3,"2":3,"3":3,"4":3,"5":17,"6":4,"7":13,"8":3,"9":10,"10":10,"11":7,"12":7,"13":7,"14":3,"15":3,"16":3,"17":3},"f":{"0":3,"1":17},"b":{"0":[4,13],"1":[17,14],"2":[3,10],"3":[13,3],"4":[10,0],"5":[10,10],"6":[7,3]},"_coverageSchema":"1a1c01bbd47fc00a2c39e90264f33305004495a9","hash":"853175e2d00faa814d54e03d8fe467e8253f740a"}
,"/home/theowner/frontend-project-46/src/parsers.js": {"path":"/home/theowner/frontend-project-46/src/parsers.js","statementMap":{"0":{"start":{"line":5,"column":18},"end":{"line":24,"column":1}},"1":{"start":{"line":6,"column":17},"end":{"line":6,"column":41}},"2":{"start":{"line":7,"column":15},"end":{"line":7,"column":42}},"3":{"start":{"line":9,"column":2},"end":{"line":21,"column":3}},"4":{"start":{"line":11,"column":6},"end":{"line":11,"column":40}},"5":{"start":{"line":12,"column":6},"end":{"line":12,"column":12}},"6":{"start":{"line":14,"column":6},"end":{"line":14,"column":39}},"7":{"start":{"line":15,"column":6},"end":{"line":15,"column":12}},"8":{"start":{"line":17,"column":6},"end":{"line":17,"column":39}},"9":{"start":{"line":18,"column":6},"end":{"line":18,"column":12}},"10":{"start":{"line":23,"column":2},"end":{"line":23,"column":24}}},"fnMap":{"0":{"name":"(anonymous_0)","decl":{"start":{"line":5,"column":18},"end":{"line":5,"column":19}},"loc":{"start":{"line":5,"column":34},"end":{"line":24,"column":1}},"line":5}},"branchMap":{"0":{"loc":{"start":{"line":9,"column":2},"end":{"line":21,"column":3}},"type":"switch","locations":[{"start":{"line":10,"column":4},"end":{"line":12,"column":12}},{"start":{"line":13,"column":4},"end":{"line":15,"column":12}},{"start":{"line":16,"column":4},"end":{"line":18,"column":12}},{"start":{"line":20,"column":4},"end":{"line":20,"column":12}}],"line":9}},"s":{"0":1,"1":6,"2":6,"3":6,"4":2,"5":2,"6":2,"7":2,"8":2,"9":2,"10":6},"f":{"0":6},"b":{"0":[2,2,2,0]},"_coverageSchema":"1a1c01bbd47fc00a2c39e90264f33305004495a9","hash":"2001530565a68225cff576fd89a5889c9ba5f50f"}
}
