{"/home/theowner/frontend-project-46/src/generateDifference.js": {"path":"/home/theowner/frontend-project-46/src/generateDifference.js","statementMap":{"0":{"start":{"line":5,"column":31},"end":{"line":10,"column":1}},"1":{"start":{"line":6,"column":18},"end":{"line":6,"column":40}},"2":{"start":{"line":7,"column":18},"end":{"line":7,"column":40}},"3":{"start":{"line":8,"column":15},"end":{"line":8,"column":47}},"4":{"start":{"line":9,"column":2},"end":{"line":9,"column":40}}},"fnMap":{"0":{"name":"(anonymous_0)","decl":{"start":{"line":5,"column":31},"end":{"line":5,"column":32}},"loc":{"start":{"line":5,"column":80},"end":{"line":10,"column":1}},"line":5}},"branchMap":{"0":{"loc":{"start":{"line":5,"column":58},"end":{"line":5,"column":75}},"type":"default-arg","locations":[{"start":{"line":5,"column":66},"end":{"line":5,"column":75}}],"line":5}},"s":{"0":1,"1":8,"2":8,"3":8,"4":8},"f":{"0":8},"b":{"0":[2]},"_coverageSchema":"1a1c01bbd47fc00a2c39e90264f33305004495a9","hash":"45aa4d88c4dd419e921c64e09404dbd42c1d3a2e"}
,"/home/theowner/frontend-project-46/src/makeDiff.js": {"path":"/home/theowner/frontend-project-46/src/makeDiff.js","statementMap":{"0":{"start":{"line":3,"column":23},"end":{"line":29,"column":1}},"1":{"start":{"line":4,"column":22},"end":{"line":27,"column":3}},"2":{"start":{"line":5,"column":17},"end":{"line":5,"column":77}},"3":{"start":{"line":7,"column":4},"end":{"line":26,"column":7}},"4":{"start":{"line":8,"column":6},"end":{"line":18,"column":7}},"5":{"start":{"line":9,"column":8},"end":{"line":11,"column":9}},"6":{"start":{"line":10,"column":10},"end":{"line":10,"column":100}},"7":{"start":{"line":12,"column":8},"end":{"line":14,"column":9}},"8":{"start":{"line":13,"column":10},"end":{"line":13,"column":69}},"9":{"start":{"line":15,"column":8},"end":{"line":17,"column":10}},"10":{"start":{"line":19,"column":6},"end":{"line":21,"column":7}},"11":{"start":{"line":20,"column":8},"end":{"line":20,"column":65}},"12":{"start":{"line":22,"column":6},"end":{"line":24,"column":7}},"13":{"start":{"line":23,"column":8},"end":{"line":23,"column":64}},"14":{"start":{"line":25,"column":6},"end":{"line":25,"column":18}},"15":{"start":{"line":28,"column":2},"end":{"line":28,"column":60}}},"fnMap":{"0":{"name":"(anonymous_0)","decl":{"start":{"line":3,"column":23},"end":{"line":3,"column":24}},"loc":{"start":{"line":3,"column":66},"end":{"line":29,"column":1}},"line":3},"1":{"name":"(anonymous_1)","decl":{"start":{"line":4,"column":22},"end":{"line":4,"column":23}},"loc":{"start":{"line":4,"column":53},"end":{"line":27,"column":3}},"line":4},"2":{"name":"(anonymous_2)","decl":{"start":{"line":7,"column":20},"end":{"line":7,"column":21}},"loc":{"start":{"line":7,"column":29},"end":{"line":26,"column":5}},"line":7}},"branchMap":{"0":{"loc":{"start":{"line":8,"column":6},"end":{"line":18,"column":7}},"type":"if","locations":[{"start":{"line":8,"column":6},"end":{"line":18,"column":7}},{"start":{},"end":{}}],"line":8},"1":{"loc":{"start":{"line":8,"column":10},"end":{"line":8,"column":61}},"type":"binary-expr","locations":[{"start":{"line":8,"column":10},"end":{"line":8,"column":33}},{"start":{"line":8,"column":37},"end":{"line":8,"column":61}}],"line":8},"2":{"loc":{"start":{"line":9,"column":8},"end":{"line":11,"column":9}},"type":"if","locations":[{"start":{"line":9,"column":8},"end":{"line":11,"column":9}},{"start":{},"end":{}}],"line":9},"3":{"loc":{"start":{"line":9,"column":12},"end":{"line":9,"column":73}},"type":"binary-expr","locations":[{"start":{"line":9,"column":12},"end":{"line":9,"column":40}},{"start":{"line":9,"column":44},"end":{"line":9,"column":73}}],"line":9},"4":{"loc":{"start":{"line":12,"column":8},"end":{"line":14,"column":9}},"type":"if","locations":[{"start":{"line":12,"column":8},"end":{"line":14,"column":9}},{"start":{},"end":{}}],"line":12},"5":{"loc":{"start":{"line":19,"column":6},"end":{"line":21,"column":7}},"type":"if","locations":[{"start":{"line":19,"column":6},"end":{"line":21,"column":7}},{"start":{},"end":{}}],"line":19},"6":{"loc":{"start":{"line":19,"column":10},"end":{"line":19,"column":62}},"type":"binary-expr","locations":[{"start":{"line":19,"column":10},"end":{"line":19,"column":33}},{"start":{"line":19,"column":37},"end":{"line":19,"column":62}}],"line":19},"7":{"loc":{"start":{"line":22,"column":6},"end":{"line":24,"column":7}},"type":"if","locations":[{"start":{"line":22,"column":6},"end":{"line":24,"column":7}},{"start":{},"end":{}}],"line":22},"8":{"loc":{"start":{"line":22,"column":10},"end":{"line":22,"column":62}},"type":"binary-expr","locations":[{"start":{"line":22,"column":10},"end":{"line":22,"column":34}},{"start":{"line":22,"column":38},"end":{"line":22,"column":62}}],"line":22}},"s":{"0":1,"1":8,"2":40,"3":40,"4":144,"5":88,"6":32,"7":56,"8":24,"9":32,"10":56,"11":16,"12":40,"13":40,"14":0,"15":8},"f":{"0":8,"1":40,"2":144},"b":{"0":[88,56],"1":[144,104],"2":[32,56],"3":[88,40],"4":[24,32],"5":[16,40],"6":[56,16],"7":[40,0],"8":[40,40]},"_coverageSchema":"1a1c01bbd47fc00a2c39e90264f33305004495a9","hash":"6e4494f33db90b9274d00a2f4f8efdfbae000c24"}
,"/home/theowner/frontend-project-46/src/methods.js": {"path":"/home/theowner/frontend-project-46/src/methods.js","statementMap":{"0":{"start":{"line":1,"column":16},"end":{"line":1,"column":39}},"1":{"start":{"line":1,"column":28},"end":{"line":1,"column":39}},"2":{"start":{"line":2,"column":17},"end":{"line":2,"column":41}},"3":{"start":{"line":2,"column":29},"end":{"line":2,"column":41}},"4":{"start":{"line":3,"column":15},"end":{"line":3,"column":37}},"5":{"start":{"line":3,"column":27},"end":{"line":3,"column":37}},"6":{"start":{"line":4,"column":25},"end":{"line":4,"column":67}},"7":{"start":{"line":4,"column":37},"end":{"line":4,"column":67}}},"fnMap":{"0":{"name":"(anonymous_0)","decl":{"start":{"line":1,"column":16},"end":{"line":1,"column":17}},"loc":{"start":{"line":1,"column":28},"end":{"line":1,"column":39}},"line":1},"1":{"name":"(anonymous_1)","decl":{"start":{"line":2,"column":17},"end":{"line":2,"column":18}},"loc":{"start":{"line":2,"column":29},"end":{"line":2,"column":41}},"line":2},"2":{"name":"(anonymous_2)","decl":{"start":{"line":3,"column":15},"end":{"line":3,"column":16}},"loc":{"start":{"line":3,"column":27},"end":{"line":3,"column":37}},"line":3},"3":{"name":"(anonymous_3)","decl":{"start":{"line":4,"column":25},"end":{"line":4,"column":26}},"loc":{"start":{"line":4,"column":37},"end":{"line":4,"column":67}},"line":4}},"branchMap":{},"s":{"0":1,"1":138,"2":1,"3":86,"4":1,"5":102,"6":1,"7":46},"f":{"0":138,"1":86,"2":102,"3":46},"b":{},"_coverageSchema":"1a1c01bbd47fc00a2c39e90264f33305004495a9","hash":"bbe73fa504f89c7d96ff6cd18b38241dce198ec7"}
,"/home/theowner/frontend-project-46/src/parsers.js": {"path":"/home/theowner/frontend-project-46/src/parsers.js","statementMap":{"0":{"start":{"line":5,"column":18},"end":{"line":24,"column":1}},"1":{"start":{"line":6,"column":17},"end":{"line":6,"column":41}},"2":{"start":{"line":7,"column":15},"end":{"line":7,"column":42}},"3":{"start":{"line":9,"column":2},"end":{"line":21,"column":3}},"4":{"start":{"line":11,"column":6},"end":{"line":11,"column":40}},"5":{"start":{"line":12,"column":6},"end":{"line":12,"column":12}},"6":{"start":{"line":14,"column":6},"end":{"line":14,"column":39}},"7":{"start":{"line":15,"column":6},"end":{"line":15,"column":12}},"8":{"start":{"line":17,"column":6},"end":{"line":17,"column":39}},"9":{"start":{"line":18,"column":6},"end":{"line":18,"column":12}},"10":{"start":{"line":23,"column":2},"end":{"line":23,"column":24}}},"fnMap":{"0":{"name":"(anonymous_0)","decl":{"start":{"line":5,"column":18},"end":{"line":5,"column":19}},"loc":{"start":{"line":5,"column":34},"end":{"line":24,"column":1}},"line":5}},"branchMap":{"0":{"loc":{"start":{"line":9,"column":2},"end":{"line":21,"column":3}},"type":"switch","locations":[{"start":{"line":10,"column":4},"end":{"line":12,"column":12}},{"start":{"line":13,"column":4},"end":{"line":15,"column":12}},{"start":{"line":16,"column":4},"end":{"line":18,"column":12}},{"start":{"line":20,"column":4},"end":{"line":20,"column":12}}],"line":9}},"s":{"0":1,"1":17,"2":17,"3":17,"4":8,"5":8,"6":4,"7":4,"8":5,"9":5,"10":17},"f":{"0":17},"b":{"0":[8,4,5,0]},"_coverageSchema":"1a1c01bbd47fc00a2c39e90264f33305004495a9","hash":"2001530565a68225cff576fd89a5889c9ba5f50f"}
,"/home/theowner/frontend-project-46/src/formaters/index.js": {"path":"/home/theowner/frontend-project-46/src/formaters/index.js","statementMap":{"0":{"start":{"line":5,"column":14},"end":{"line":9,"column":1}},"1":{"start":{"line":11,"column":26},"end":{"line":11,"column":85}},"2":{"start":{"line":11,"column":55},"end":{"line":11,"column":85}}},"fnMap":{"0":{"name":"(anonymous_0)","decl":{"start":{"line":11,"column":26},"end":{"line":11,"column":27}},"loc":{"start":{"line":11,"column":55},"end":{"line":11,"column":85}},"line":11}},"branchMap":{},"s":{"0":1,"1":1,"2":8},"f":{"0":8},"b":{},"_coverageSchema":"1a1c01bbd47fc00a2c39e90264f33305004495a9","hash":"8b40c29ecad80ca7040353f4375e6d02756acb70"}
,"/home/theowner/frontend-project-46/src/formaters/json.js": {"path":"/home/theowner/frontend-project-46/src/formaters/json.js","statementMap":{"0":{"start":{"line":1,"column":29},"end":{"line":1,"column":53}}},"fnMap":{"0":{"name":"(anonymous_0)","decl":{"start":{"line":1,"column":15},"end":{"line":1,"column":16}},"loc":{"start":{"line":1,"column":29},"end":{"line":1,"column":53}},"line":1}},"branchMap":{},"s":{"0":2},"f":{"0":2},"b":{},"_coverageSchema":"1a1c01bbd47fc00a2c39e90264f33305004495a9","hash":"da5ffc3fd8f1d566167ec3f0ad9fd848756f0451"}
,"/home/theowner/frontend-project-46/src/formaters/plain.js": {"path":"/home/theowner/frontend-project-46/src/formaters/plain.js","statementMap":{"0":{"start":{"line":6,"column":19},"end":{"line":9,"column":1}},"1":{"start":{"line":7,"column":16},"end":{"line":7,"column":106}},"2":{"start":{"line":7,"column":37},"end":{"line":7,"column":64}},"3":{"start":{"line":7,"column":78},"end":{"line":7,"column":105}},"4":{"start":{"line":8,"column":2},"end":{"line":8,"column":26}},"5":{"start":{"line":10,"column":27},"end":{"line":18,"column":1}},"6":{"start":{"line":11,"column":12},"end":{"line":11,"column":17}},"7":{"start":{"line":12,"column":2},"end":{"line":16,"column":3}},"8":{"start":{"line":13,"column":4},"end":{"line":13,"column":28}},"9":{"start":{"line":14,"column":9},"end":{"line":16,"column":3}},"10":{"start":{"line":15,"column":4},"end":{"line":15,"column":23}},"11":{"start":{"line":17,"column":2},"end":{"line":17,"column":13}},"12":{"start":{"line":19,"column":18},"end":{"line":40,"column":1}},"13":{"start":{"line":20,"column":14},"end":{"line":20,"column":29}},"14":{"start":{"line":21,"column":16},"end":{"line":21,"column":33}},"15":{"start":{"line":22,"column":30},"end":{"line":22,"column":55}},"16":{"start":{"line":23,"column":15},"end":{"line":23,"column":31}},"17":{"start":{"line":24,"column":14},"end":{"line":24,"column":41}},"18":{"start":{"line":26,"column":2},"end":{"line":39,"column":3}},"19":{"start":{"line":28,"column":6},"end":{"line":28,"column":50}},"20":{"start":{"line":30,"column":6},"end":{"line":30,"column":84}},"21":{"start":{"line":32,"column":6},"end":{"line":32,"column":45}},"22":{"start":{"line":35,"column":6},"end":{"line":35,"column":117}},"23":{"start":{"line":38,"column":6},"end":{"line":38,"column":16}},"24":{"start":{"line":42,"column":14},"end":{"line":42,"column":52}},"25":{"start":{"line":42,"column":30},"end":{"line":42,"column":52}}},"fnMap":{"0":{"name":"(anonymous_0)","decl":{"start":{"line":6,"column":19},"end":{"line":6,"column":20}},"loc":{"start":{"line":6,"column":44},"end":{"line":9,"column":1}},"line":6},"1":{"name":"(anonymous_1)","decl":{"start":{"line":7,"column":29},"end":{"line":7,"column":30}},"loc":{"start":{"line":7,"column":37},"end":{"line":7,"column":64}},"line":7},"2":{"name":"(anonymous_2)","decl":{"start":{"line":7,"column":70},"end":{"line":7,"column":71}},"loc":{"start":{"line":7,"column":78},"end":{"line":7,"column":105}},"line":7},"3":{"name":"(anonymous_3)","decl":{"start":{"line":10,"column":27},"end":{"line":10,"column":28}},"loc":{"start":{"line":10,"column":38},"end":{"line":18,"column":1}},"line":10},"4":{"name":"(anonymous_4)","decl":{"start":{"line":19,"column":18},"end":{"line":19,"column":19}},"loc":{"start":{"line":19,"column":45},"end":{"line":40,"column":1}},"line":19},"5":{"name":"(anonymous_5)","decl":{"start":{"line":42,"column":14},"end":{"line":42,"column":15}},"loc":{"start":{"line":42,"column":30},"end":{"line":42,"column":52}},"line":42}},"branchMap":{"0":{"loc":{"start":{"line":6,"column":27},"end":{"line":6,"column":39}},"type":"default-arg","locations":[{"start":{"line":6,"column":37},"end":{"line":6,"column":39}}],"line":6},"1":{"loc":{"start":{"line":12,"column":2},"end":{"line":16,"column":3}},"type":"if","locations":[{"start":{"line":12,"column":2},"end":{"line":16,"column":3}},{"start":{"line":14,"column":9},"end":{"line":16,"column":3}}],"line":12},"2":{"loc":{"start":{"line":14,"column":9},"end":{"line":16,"column":3}},"type":"if","locations":[{"start":{"line":14,"column":9},"end":{"line":16,"column":3}},{"start":{},"end":{}}],"line":14},"3":{"loc":{"start":{"line":19,"column":28},"end":{"line":19,"column":40}},"type":"default-arg","locations":[{"start":{"line":19,"column":38},"end":{"line":19,"column":40}}],"line":19},"4":{"loc":{"start":{"line":26,"column":2},"end":{"line":39,"column":3}},"type":"switch","locations":[{"start":{"line":27,"column":4},"end":{"line":28,"column":50}},{"start":{"line":29,"column":4},"end":{"line":30,"column":84}},{"start":{"line":31,"column":4},"end":{"line":32,"column":45}},{"start":{"line":34,"column":4},"end":{"line":35,"column":117}},{"start":{"line":37,"column":4},"end":{"line":38,"column":16}}],"line":26}},"s":{"0":1,"1":10,"2":36,"3":30,"4":10,"5":1,"6":26,"7":26,"8":6,"9":20,"10":14,"11":26,"12":1,"13":30,"14":30,"15":30,"16":30,"17":30,"18":30,"19":8,"20":10,"21":4,"22":8,"23":0,"24":1,"25":2},"f":{"0":10,"1":36,"2":30,"3":26,"4":30,"5":2},"b":{"0":[2],"1":[6,20],"2":[14,6],"3":[0],"4":[8,10,4,8,0]},"_coverageSchema":"1a1c01bbd47fc00a2c39e90264f33305004495a9","hash":"462545eee57e8af24ae8c56aa9fa6fa69009f957"}
,"/home/theowner/frontend-project-46/src/formaters/stylish.js": {"path":"/home/theowner/frontend-project-46/src/formaters/stylish.js","statementMap":{"0":{"start":{"line":6,"column":19},"end":{"line":11,"column":1}},"1":{"start":{"line":7,"column":16},"end":{"line":7,"column":50}},"2":{"start":{"line":7,"column":34},"end":{"line":7,"column":49}},"3":{"start":{"line":8,"column":2},"end":{"line":8,"column":21}},"4":{"start":{"line":9,"column":2},"end":{"line":9,"column":50}},"5":{"start":{"line":10,"column":2},"end":{"line":10,"column":26}},"6":{"start":{"line":12,"column":17},"end":{"line":24,"column":1}},"7":{"start":{"line":13,"column":2},"end":{"line":15,"column":3}},"8":{"start":{"line":14,"column":4},"end":{"line":14,"column":23}},"9":{"start":{"line":16,"column":14},"end":{"line":18,"column":91}},"10":{"start":{"line":18,"column":25},"end":{"line":18,"column":90}},"11":{"start":{"line":19,"column":2},"end":{"line":23,"column":15}},"12":{"start":{"line":25,"column":13},"end":{"line":53,"column":1}},"13":{"start":{"line":26,"column":2},"end":{"line":28,"column":3}},"14":{"start":{"line":27,"column":4},"end":{"line":27,"column":36}},"15":{"start":{"line":29,"column":15},"end":{"line":29,"column":31}},"16":{"start":{"line":30,"column":14},"end":{"line":30,"column":29}},"17":{"start":{"line":32,"column":2},"end":{"line":35,"column":3}},"18":{"start":{"line":33,"column":18},"end":{"line":33,"column":35}},"19":{"start":{"line":34,"column":4},"end":{"line":34,"column":87}},"20":{"start":{"line":36,"column":2},"end":{"line":39,"column":3}},"21":{"start":{"line":37,"column":18},"end":{"line":37,"column":35}},"22":{"start":{"line":38,"column":4},"end":{"line":38,"column":75}},"23":{"start":{"line":40,"column":2},"end":{"line":45,"column":3}},"24":{"start":{"line":41,"column":31},"end":{"line":41,"column":56}},"25":{"start":{"line":42,"column":18},"end":{"line":42,"column":90}},"26":{"start":{"line":43,"column":19},"end":{"line":43,"column":89}},"27":{"start":{"line":44,"column":4},"end":{"line":44,"column":38}},"28":{"start":{"line":45,"column":4},"end":{"line":48,"column":3}},"29":{"start":{"line":46,"column":18},"end":{"line":46,"column":35}},"30":{"start":{"line":47,"column":4},"end":{"line":47,"column":81}},"31":{"start":{"line":48,"column":4},"end":{"line":51,"column":3}},"32":{"start":{"line":49,"column":18},"end":{"line":49,"column":35}},"33":{"start":{"line":50,"column":4},"end":{"line":50,"column":81}},"34":{"start":{"line":52,"column":2},"end":{"line":52,"column":14}},"35":{"start":{"line":54,"column":18},"end":{"line":54,"column":71}},"36":{"start":{"line":54,"column":46},"end":{"line":54,"column":71}},"37":{"start":{"line":56,"column":16},"end":{"line":56,"column":59}},"38":{"start":{"line":56,"column":33},"end":{"line":56,"column":59}}},"fnMap":{"0":{"name":"(anonymous_0)","decl":{"start":{"line":6,"column":19},"end":{"line":6,"column":20}},"loc":{"start":{"line":6,"column":37},"end":{"line":11,"column":1}},"line":6},"1":{"name":"(anonymous_1)","decl":{"start":{"line":7,"column":26},"end":{"line":7,"column":27}},"loc":{"start":{"line":7,"column":34},"end":{"line":7,"column":49}},"line":7},"2":{"name":"(anonymous_2)","decl":{"start":{"line":12,"column":17},"end":{"line":12,"column":18}},"loc":{"start":{"line":12,"column":43},"end":{"line":24,"column":1}},"line":12},"3":{"name":"(anonymous_3)","decl":{"start":{"line":18,"column":9},"end":{"line":18,"column":10}},"loc":{"start":{"line":18,"column":25},"end":{"line":18,"column":90}},"line":18},"4":{"name":"(anonymous_4)","decl":{"start":{"line":25,"column":13},"end":{"line":25,"column":14}},"loc":{"start":{"line":25,"column":33},"end":{"line":53,"column":1}},"line":25},"5":{"name":"(anonymous_5)","decl":{"start":{"line":54,"column":18},"end":{"line":54,"column":19}},"loc":{"start":{"line":54,"column":46},"end":{"line":54,"column":71}},"line":54},"6":{"name":"(anonymous_6)","decl":{"start":{"line":56,"column":16},"end":{"line":56,"column":17}},"loc":{"start":{"line":56,"column":33},"end":{"line":56,"column":59}},"line":56}},"branchMap":{"0":{"loc":{"start":{"line":13,"column":2},"end":{"line":15,"column":3}},"type":"if","locations":[{"start":{"line":13,"column":2},"end":{"line":15,"column":3}},{"start":{},"end":{}}],"line":13},"1":{"loc":{"start":{"line":26,"column":2},"end":{"line":28,"column":3}},"type":"if","locations":[{"start":{"line":26,"column":2},"end":{"line":28,"column":3}},{"start":{},"end":{}}],"line":26},"2":{"loc":{"start":{"line":26,"column":6},"end":{"line":26,"column":61}},"type":"binary-expr","locations":[{"start":{"line":26,"column":6},"end":{"line":26,"column":26}},{"start":{"line":26,"column":30},"end":{"line":26,"column":61}}],"line":26},"3":{"loc":{"start":{"line":32,"column":2},"end":{"line":35,"column":3}},"type":"if","locations":[{"start":{"line":32,"column":2},"end":{"line":35,"column":3}},{"start":{},"end":{}}],"line":32},"4":{"loc":{"start":{"line":36,"column":2},"end":{"line":39,"column":3}},"type":"if","locations":[{"start":{"line":36,"column":2},"end":{"line":39,"column":3}},{"start":{},"end":{}}],"line":36},"5":{"loc":{"start":{"line":40,"column":2},"end":{"line":45,"column":3}},"type":"if","locations":[{"start":{"line":40,"column":2},"end":{"line":45,"column":3}},{"start":{},"end":{}}],"line":40},"6":{"loc":{"start":{"line":45,"column":4},"end":{"line":48,"column":3}},"type":"if","locations":[{"start":{"line":45,"column":4},"end":{"line":48,"column":3}},{"start":{},"end":{}}],"line":45},"7":{"loc":{"start":{"line":48,"column":4},"end":{"line":51,"column":3}},"type":"if","locations":[{"start":{"line":48,"column":4},"end":{"line":51,"column":3}},{"start":{},"end":{}}],"line":48},"8":{"loc":{"start":{"line":54,"column":32},"end":{"line":54,"column":41}},"type":"default-arg","locations":[{"start":{"line":54,"column":40},"end":{"line":54,"column":41}}],"line":54}},"s":{"0":1,"1":20,"2":72,"3":20,"4":20,"5":20,"6":1,"7":108,"8":80,"9":28,"10":36,"11":28,"12":1,"13":180,"14":108,"15":72,"16":72,"17":72,"18":16,"19":16,"20":56,"21":12,"22":12,"23":44,"24":16,"25":16,"26":16,"27":16,"28":28,"29":20,"30":20,"31":8,"32":8,"33":8,"34":0,"35":1,"36":172,"37":1,"38":4},"f":{"0":20,"1":72,"2":108,"3":36,"4":180,"5":172,"6":4},"b":{"0":[80,28],"1":[108,72],"2":[180,100],"3":[16,56],"4":[12,44],"5":[16,28],"6":[20,8],"7":[8,0],"8":[0]},"_coverageSchema":"1a1c01bbd47fc00a2c39e90264f33305004495a9","hash":"e07be3f4b3d196566194ebd8c75e2e3bbf378c46"}
}
