TN:
SF:src/generateDifference.js
FN:5,(anonymous_0)
FNF:1
FNH:1
FNDA:3,(anonymous_0)
DA:5,1
DA:6,3
DA:7,3
DA:8,3
DA:9,3
LF:5
LH:5
BRDA:5,0,0,1
BRF:1
BRH:1
end_of_record
TN:
SF:src/makeDiff.js
FN:3,(anonymous_0)
FN:4,(anonymous_1)
FN:7,(anonymous_2)
FNF:3
FNH:3
FNDA:3,(anonymous_0)
FNDA:15,(anonymous_1)
FNDA:54,(anonymous_2)
DA:3,1
DA:4,3
DA:5,15
DA:7,15
DA:8,54
DA:9,33
DA:10,12
DA:12,21
DA:13,9
DA:15,12
DA:19,21
DA:20,6
DA:22,15
DA:23,15
DA:25,0
DA:28,3
LF:16
LH:15
BRDA:8,0,0,33
BRDA:8,0,1,21
BRDA:8,1,0,54
BRDA:8,1,1,39
BRDA:9,2,0,12
BRDA:9,2,1,21
BRDA:9,3,0,33
BRDA:9,3,1,15
BRDA:12,4,0,9
BRDA:12,4,1,12
BRDA:19,5,0,6
BRDA:19,5,1,15
BRDA:19,6,0,21
BRDA:19,6,1,6
BRDA:22,7,0,15
BRDA:22,7,1,0
BRDA:22,8,0,15
BRDA:22,8,1,15
BRF:18
BRH:17
end_of_record
TN:
SF:src/methods.js
FN:1,(anonymous_0)
FN:2,(anonymous_1)
FN:3,(anonymous_2)
FN:4,(anonymous_3)
FNF:4
FNH:4
FNDA:51,(anonymous_0)
FNDA:29,(anonymous_1)
FNDA:33,(anonymous_2)
FNDA:19,(anonymous_3)
DA:1,51
DA:2,29
DA:3,33
DA:4,19
LF:4
LH:4
BRF:0
BRH:0
end_of_record
TN:
SF:src/parsers.js
FN:5,(anonymous_0)
FNF:1
FNH:1
FNDA:7,(anonymous_0)
DA:5,1
DA:6,7
DA:7,7
DA:9,7
DA:11,1
DA:12,1
DA:17,6
DA:18,6
DA:23,7
LF:9
LH:9
BRDA:9,0,0,1
BRDA:9,0,1,6
BRDA:9,0,2,0
BRF:3
BRH:2
end_of_record
TN:
SF:src/formaters/index.js
FN:11,(anonymous_0)
FNF:1
FNH:1
FNDA:3,(anonymous_0)
DA:5,1
DA:11,3
LF:2
LH:2
BRF:0
BRH:0
end_of_record
TN:
SF:src/formaters/json.js
FN:1,(anonymous_0)
FNF:1
FNH:1
FNDA:1,(anonymous_0)
DA:1,1
LF:1
LH:1
BRF:0
BRH:0
end_of_record
TN:
SF:src/formaters/plain.js
FN:6,(anonymous_0)
FN:7,(anonymous_1)
FN:7,(anonymous_2)
FN:10,(anonymous_3)
FN:19,(anonymous_4)
FN:44,(anonymous_5)
FNF:6
FNH:6
FNDA:5,(anonymous_0)
FNDA:18,(anonymous_1)
FNDA:15,(anonymous_2)
FNDA:13,(anonymous_3)
FNDA:15,(anonymous_4)
FNDA:1,(anonymous_5)
DA:6,1
DA:7,18
DA:8,5
DA:10,1
DA:11,13
DA:12,13
DA:13,3
DA:14,10
DA:15,7
DA:17,13
DA:19,1
DA:20,15
DA:21,15
DA:22,15
DA:23,15
DA:24,15
DA:26,15
DA:28,4
DA:29,4
DA:31,5
DA:32,5
DA:34,2
DA:35,2
DA:37,4
DA:38,4
DA:40,0
DA:42,15
DA:44,1
LF:28
LH:27
BRDA:6,0,0,1
BRDA:12,1,0,3
BRDA:12,1,1,10
BRDA:14,2,0,7
BRDA:14,2,1,3
BRDA:19,3,0,0
BRDA:26,4,0,4
BRDA:26,4,1,5
BRDA:26,4,2,2
BRDA:26,4,3,4
BRDA:26,4,4,0
BRF:11
BRH:9
end_of_record
TN:
SF:src/formaters/stylish.js
FN:6,(anonymous_0)
FN:7,(anonymous_1)
FN:12,(anonymous_2)
FN:18,(anonymous_3)
FN:25,(anonymous_4)
FN:54,(anonymous_5)
FN:56,(anonymous_6)
FNF:7
FNH:7
FNDA:5,(anonymous_0)
FNDA:18,(anonymous_1)
FNDA:27,(anonymous_2)
FNDA:9,(anonymous_3)
FNDA:45,(anonymous_4)
FNDA:43,(anonymous_5)
FNDA:1,(anonymous_6)
DA:6,1
DA:7,18
DA:8,5
DA:9,5
DA:10,5
DA:12,1
DA:13,27
DA:14,20
DA:16,7
DA:18,9
DA:19,7
DA:25,1
DA:26,45
DA:27,27
DA:29,18
DA:30,18
DA:32,18
DA:33,4
DA:34,4
DA:36,14
DA:37,3
DA:38,3
DA:40,11
DA:41,4
DA:42,4
DA:43,4
DA:44,4
DA:45,7
DA:46,5
DA:47,5
DA:48,2
DA:49,2
DA:50,2
DA:52,0
DA:54,43
DA:56,1
LF:36
LH:35
BRDA:13,0,0,20
BRDA:13,0,1,7
BRDA:26,1,0,27
BRDA:26,1,1,18
BRDA:26,2,0,45
BRDA:26,2,1,25
BRDA:32,3,0,4
BRDA:32,3,1,14
BRDA:36,4,0,3
BRDA:36,4,1,11
BRDA:40,5,0,4
BRDA:40,5,1,7
BRDA:45,6,0,5
BRDA:45,6,1,2
BRDA:48,7,0,2
BRDA:48,7,1,0
BRDA:54,8,0,0
BRF:17
BRH:15
end_of_record
